<?xml version="1.0" encoding="UTF-8"?>
<testng-results ignored="0" total="1" passed="1" failed="0" skipped="0">
  <reporter-output>
  </reporter-output>
  <suite started-at="2024-05-15T03:32:50Z" name="Default suite" finished-at="2024-05-15T03:32:55Z" duration-ms="5325">
    <groups>
    </groups>
    <test started-at="2024-05-15T03:32:50Z" name="Default test" finished-at="2024-05-15T03:32:55Z" duration-ms="5325">
      <class name="copy.masai.TestNGdemo">
        <test-method signature="webtabletest()[pri:0, instance:copy.masai.TestNGdemo@1fb669c3]" started-at="2024-05-15T03:32:50Z" name="webtabletest" finished-at="2024-05-15T03:32:55Z" duration-ms="5298" status="PASS">
          <reporter-output>
          </reporter-output>
        </test-method> <!-- webtabletest -->
      </class> <!-- copy.masai.TestNGdemo -->
    </test> <!-- Default test -->
  </suite> <!-- Default suite -->
</testng-results>
