<?xml version="1.0" encoding="UTF-8"?>
<!-- Generated by org.testng.reporters.JUnitXMLReporter -->
<testsuite ignored="0" hostname="Shivi" failures="0" tests="4" name="Default test" time="14.414" errors="0" timestamp="2024-07-12T19:31:43 IST">
  <testcase classname="api_testing.reqres" name="ListOfviewrs" time="12.108"/>
  <testcase classname="api_testing.reqres" name="create" time="1.009"/>
  <testcase classname="api_testing.reqres" name="single_user" time="0.23"/>
  <testcase classname="api_testing.reqres" name="single_usernot_found" time="0.76"/>
</testsuite> <!-- Default test -->
